2024-05-21 16:52:29 ERROR c.s.s.service.MarketService - createStore: A store with the name "hi" already exists.
2024-05-21 17:02:41 ERROR c.s.s.service.MarketService - createStore: A store with the name "hi" already exists.
2024-05-26 19:57:03 ERROR c.s.s.service.MarketService - updateProductInStore: Product can be updated because: Product name cannot be null or empty. Product price cannot be negative. Product category cannot be null or empty. 
2024-05-26 19:57:04 ERROR c.s.s.service.MarketService - updateProductInStore: Product can be updated because: Product name cannot be null or empty. Product price cannot be negative. Product category cannot be null or empty. 
2024-05-26 19:57:06 ERROR c.s.s.service.MarketService - getProductsInfo: No products found
2024-05-26 19:57:07 ERROR c.s.s.service.MarketService - updateProductInStore: Product can be updated because: Product name cannot be null or empty. Product price cannot be negative. Product category cannot be null or empty. 
2024-05-26 19:57:07 ERROR c.s.s.service.MarketService - updateProductInStore: Product can be updated because: Product name cannot be null or empty. Product price cannot be negative. Product category cannot be null or empty. 
2024-05-26 19:57:07 ERROR c.s.s.service.MarketService - getStoreInfo: A store with id 0 is not active.
2024-05-26 19:57:08 ERROR c.s.s.service.MarketService - updateProductInStore: Product can be updated because: Product name cannot be null or empty. Product price cannot be negative. Product category cannot be null or empty. 
2024-05-26 19:57:08 ERROR c.s.s.service.MarketService - getStoreInfo: jwt isnt valid
2024-05-26 19:57:08 ERROR c.s.s.service.MarketService - getStoreInfo: There is no store with id 2147483647.
2024-05-26 19:57:09 ERROR c.s.s.service.MarketService - updateProductInStore: Product can be updated because: Product name cannot be null or empty. Product price cannot be negative. Product category cannot be null or empty. 
2024-05-26 19:57:09 ERROR c.s.s.domain.users.UserFacade - user JohnDoe already logged in
2024-05-26 19:57:09 ERROR c.s.s.domain.users.MemoryRepo - Exception in hasGuest: Guest with guestID=1 does not exist
2024-05-26 19:57:10 ERROR c.s.s.service.MarketService - getProductsInfo: No products found
2024-05-26 19:57:10 ERROR c.s.s.service.MarketService - getProductsInfo: No products found
2024-05-26 19:57:11 ERROR c.s.s.service.MarketService - getProductsInfo: There is no store with id 2147483647.
2024-05-26 19:57:11 ERROR c.s.s.service.MarketService - updateProductInStore: Product can be updated because: Product name cannot be null or empty. Product price cannot be negative. Product category cannot be null or empty. 
2024-05-26 19:57:11 ERROR c.s.s.d.p.MemoryProductRepository - Product Id 0 was succesully removed.
2024-05-26 19:57:11 ERROR c.s.s.service.MarketService - updateProductInStore: Product can be updated because: Product name cannot be null or empty. Product price cannot be negative. Product category cannot be null or empty. 
2024-05-26 19:57:13 ERROR c.s.s.service.MarketService - getStoreInfo: A store with id 0 is not active.
2024-05-26 19:57:13 ERROR c.s.s.service.MarketService - updateProductInStore: Product can be updated because: Product name cannot be null or empty. Product price cannot be negative. Product category cannot be null or empty. 
2024-05-26 19:57:13 ERROR c.s.s.service.MarketService - updateProductInStore: Product can be updated because: Product name cannot be null or empty. Product price cannot be negative. Product category cannot be null or empty. 
2024-05-26 19:57:14 ERROR c.s.s.domain.auth.AuthFacade - user doesnt exist
2024-05-26 19:57:14 ERROR c.s.s.service.MarketService - updateProductInStore: Product can be updated because: Product name cannot be null or empty. Product price cannot be negative. Product category cannot be null or empty. 
2024-05-26 19:57:14 ERROR c.s.s.service.MarketService - updateProductInStore: Product can be updated because: Product name cannot be null or empty. Product price cannot be negative. Product category cannot be null or empty. 
2024-05-26 19:58:25 ERROR c.s.s.service.MarketService - updateProductInStore: Product can be updated because: Product name cannot be null or empty. Product price cannot be negative. Product category cannot be null or empty. 
2024-05-26 19:58:25 ERROR c.s.s.service.MarketService - updateProductInStore: Product can be updated because: Product name cannot be null or empty. Product price cannot be negative. Product category cannot be null or empty. 
2024-05-26 19:58:28 ERROR c.s.s.service.MarketService - getProductsInfo: No products found
2024-05-26 19:58:28 ERROR c.s.s.service.MarketService - updateProductInStore: Product can be updated because: Product name cannot be null or empty. Product price cannot be negative. Product category cannot be null or empty. 
2024-05-26 19:58:29 ERROR c.s.s.service.MarketService - updateProductInStore: Product can be updated because: Product name cannot be null or empty. Product price cannot be negative. Product category cannot be null or empty. 
2024-05-26 19:58:29 ERROR c.s.s.service.MarketService - getStoreInfo: A store with id 0 is not active.
2024-05-26 19:58:29 ERROR c.s.s.service.MarketService - updateProductInStore: Product can be updated because: Product name cannot be null or empty. Product price cannot be negative. Product category cannot be null or empty. 
2024-05-26 19:58:30 ERROR c.s.s.service.MarketService - getStoreInfo: jwt isnt valid
2024-05-26 19:58:30 ERROR c.s.s.service.MarketService - getStoreInfo: There is no store with id 2147483647.
2024-05-26 19:58:30 ERROR c.s.s.service.MarketService - updateProductInStore: Product can be updated because: Product name cannot be null or empty. Product price cannot be negative. Product category cannot be null or empty. 
2024-05-26 20:01:03 ERROR c.s.s.service.MarketService - updateProductInStore: Product can be updated because: Product name cannot be null or empty. Product price cannot be negative. Product category cannot be null or empty. 
2024-05-26 20:04:29 ERROR c.s.s.service.MarketService - updateProductInStore: Product can be updated because: Product name cannot be null or empty. Product price cannot be negative. Product category cannot be null or empty. 
2024-05-26 20:04:59 ERROR c.s.s.service.MarketService - updateProductInStore: Product can be updated because: Product name cannot be null or empty. Product price cannot be negative. Product category cannot be null or empty. 
2024-05-26 20:06:11 ERROR c.s.s.service.MarketService - updateProductInStore: Product can be updated because: Product name cannot be null or empty. Product price cannot be negative. Product category cannot be null or empty. 
2024-05-26 20:08:48 ERROR c.s.s.service.MarketService - updateProductInStore: Product can be updated because: Product name cannot be null or empty. Product price cannot be negative. Product category cannot be null or empty. 
2024-05-26 20:09:53 ERROR c.s.s.service.MarketService - updateProductInStore: Product can be updated because: Product name cannot be null or empty. Product price cannot be negative. Product category cannot be null or empty. 
2024-05-26 20:13:47 ERROR c.s.s.service.MarketService - updateProductInStore: Product can be updated because: Product name cannot be null or empty. Product price cannot be negative. Product category cannot be null or empty. 
2024-05-26 20:15:49 ERROR c.s.s.service.MarketService - updateProductInStore: Product can be updated because: Product name cannot be null or empty. Product price cannot be negative. Product category cannot be null or empty. 
2024-05-26 20:21:21 ERROR c.s.s.service.MarketService - updateProductInStore: Product can be updated because: Product name cannot be null or empty. Product price cannot be negative. Product category cannot be null or empty. 
2024-05-26 20:22:29 ERROR c.s.s.service.MarketService - updateProductInStore: Product can be updated because: Product name cannot be null or empty. Product price cannot be negative. Product category cannot be null or empty. 
2024-05-26 20:23:54 ERROR c.s.s.service.MarketService - updateProductInStore: Product can be updated because: Product name cannot be null or empty. Product price cannot be negative. Product category cannot be null or empty. 
2024-05-26 20:24:21 ERROR c.s.s.d.p.MemoryProductRepository - Product Id 0 does not exist.
2024-05-26 20:26:32 ERROR c.s.s.service.MarketService - updateProductInStore: Product can be updated because: Product name cannot be null or empty. Product price cannot be negative. Product category cannot be null or empty. 
2024-05-26 20:27:03 ERROR c.s.s.d.p.MemoryProductRepository - Product Id 0 does not exist.
